<?xml version="1.0" encoding="UTF-8"?>
<!-- Generated by org.testng.reporters.JUnitXMLReporter -->
<testsuite ignored="4" hostname="sravankumarc" failures="0" tests="3" name="Test" time="14.591" errors="0" timestamp="2022-12-20T17:22:53 IST">
  <testcase classname="visitorDetails.Visitor1Test" name="visitor" time="4.12"/>
  <testcase classname="visitorDetails.Visitor2Test" name="visitor2" time="5.203"/>
  <testcase classname="visitorDetails.Visitor3Test" name="visitor3" time="5.237"/>
  <testcase classname="genericUtility.BaseClassZoo" name="@AfterSuite disconnectDataBase" time="0.0">
    <ignored/>
  </testcase> <!-- @AfterSuite disconnectDataBase -->
  <testcase classname="genericUtility.BaseClassZoo" name="@AfterSuite disconnectDataBase" time="0.0">
    <ignored/>
  </testcase> <!-- @AfterSuite disconnectDataBase -->
  <testcase classname="genericUtility.BaseClassZoo" name="@BeforeSuite connectToDataBase" time="0.0">
    <ignored/>
  </testcase> <!-- @BeforeSuite connectToDataBase -->
  <testcase classname="genericUtility.BaseClassZoo" name="@BeforeSuite connectToDataBase" time="0.0">
    <ignored/>
  </testcase> <!-- @BeforeSuite connectToDataBase -->
</testsuite> <!-- Test -->
